(---------------------------------------------------------------------)
(                                                                     )
(    Dump Library Log                                                 )
(                                                                     )
(    Software Version : 16.6S049                                      )
(    Date/Time        : Wed Jul 10 10:30:57 2019                      )
(                                                                     )
(---------------------------------------------------------------------)


*** file: F:/SCH-PCB/0190710/F429PCB_V2_0.brd ***



  *** Creating all device files (see create_devices.log) ***


  *** Creating padstacks. ***

  PAD1R6X1R8OB0R9DMM being dumped.

  SMD1R1X1R1MM being dumped.

  SMD0R4X1R1MM being dumped.

  PAD1R6X1R8RE0R9DMM being dumped.

  SMD0R3X1R3MM being dumped.

  SMD1R4X1R2MM being dumped.

  SMD0R6X1R2MM being dumped.

  SMD2R3X0R4MM being dumped.

  SMD2R5X2R5MM being dumped.

  SMD3R4X4R3MM being dumped.

  SMD1R5X3R7MM being dumped.

  PAD1R2C0R8DMM being dumped.

  PAD0R64X0R5MM being dumped.

  SMD1R3X0R35MM being dumped.

  SMD0R46X0R5MM being dumped.

  SMD0R9X1R27MM being dumped.

  PAD1R3_2RE0R5_1R2OB being dumped.

  SMD54X10 being dumped.

  SMDS0R8X0R8MM being dumped.

  SMD0R91X0R91MM being dumped.

  SMD1R16X1R47MM being dumped.

  SMD1R65X0R64MM being dumped.

  VIA8_14F being dumped.

  ID-BOARD being dumped.

  VIA8_16F being dumped.

  SMD0R93X0R98MM being dumped.

  SMD2X3MM being dumped.

  NPAD35R43 being dumped.

  SMD0R3X1R7OBMM being dumped.

  SMD1R7X0R6OBMM being dumped.

  VIA16_30F being dumped.

  PAD4C3DMM being dumped.

  BALL0R3MM being dumped.

  NPAD1R3MM being dumped.

  SMDS0R89X0R89MM being dumped.

  SMD54X10OB being dumped.

  SMD0R3X1MM being dumped.

  SMD1X0R3MM being dumped.

  SMD0R4X2MM being dumped.

  SMD1R6X1MM being dumped.

  SMD1R8X1MM being dumped.


  *** Creating package symbols (.dra and .psm) ***

  led0603 being dumped.

  tsop54 being dumped.

  tsop48 being dumped.

  sot23-5 being dumped.

  lqfp176 being dumped.

  logo-up being dumped.

  t3 being dumped.

  micro_usb_5s being dumped.

  sip3-2p54 being dumped.

  sip5-2p54 being dumped.

  3215 being dumped.

  3225 being dumped.

  gxd being dumped.

  sw3x6-smd being dumped.

  c0402 being dumped.

  fpc-40p-0p5 being dumped.

  c0603 being dumped.

  l0402 being dumped.

  wson8_8x6 being dumped.

  l0603 being dumped.

  r0402 being dumped.

  sot23 being dumped.

  b2bf-2x40-0p8 being dumped.



*********************** Summary *********************
ERRORs reported:                           0

Number of padstacks dumped:               41
Number of package symbols dumped:         23

Total number of symbols dumped:           23
*****************************************************

